mode: set
github.com/MangoSteen0903/go-cli-application/cli/cli.go:22.30,24.2 1 1
github.com/MangoSteen0903/go-cli-application/cli/cli.go:26.47,31.20 4 1
github.com/MangoSteen0903/go-cli-application/cli/cli.go:31.20,33.3 1 1
github.com/MangoSteen0903/go-cli-application/cli/cli.go:35.2,35.43 1 1
github.com/MangoSteen0903/go-cli-application/cli/cli.go:35.43,38.3 2 1
github.com/MangoSteen0903/go-cli-application/cli/cli.go:39.2,40.16 2 1
github.com/MangoSteen0903/go-cli-application/cli/cli.go:40.16,42.3 1 1
github.com/MangoSteen0903/go-cli-application/cli/cli.go:43.2,44.15 2 1
github.com/MangoSteen0903/go-cli-application/cli/cli.go:47.35,48.42 1 1
github.com/MangoSteen0903/go-cli-application/cli/cli.go:48.42,50.3 1 1
github.com/MangoSteen0903/go-cli-application/cli/cli.go:51.2,51.12 1 1
github.com/MangoSteen0903/go-cli-application/cli/cli.go:54.56,60.38 5 1
github.com/MangoSteen0903/go-cli-application/cli/cli.go:60.38,62.3 1 0
github.com/MangoSteen0903/go-cli-application/cli/cli.go:63.2,65.20 2 1
github.com/MangoSteen0903/go-cli-application/cli/cli.go:65.20,67.3 1 1
github.com/MangoSteen0903/go-cli-application/cli/cli.go:69.2,69.18 1 1
github.com/MangoSteen0903/go-cli-application/cli/cli.go:72.54,75.32 3 1
github.com/MangoSteen0903/go-cli-application/cli/cli.go:75.32,77.3 1 1
github.com/MangoSteen0903/go-cli-application/cli/cli.go:80.63,82.20 1 1
github.com/MangoSteen0903/go-cli-application/cli/cli.go:82.20,85.3 2 1
github.com/MangoSteen0903/go-cli-application/cli/cli.go:86.2,88.16 2 1
github.com/MangoSteen0903/go-cli-application/cli/cli.go:88.16,90.3 1 1
github.com/MangoSteen0903/go-cli-application/cli/cli.go:92.2,94.12 2 1
